app/build/intermediates/manifest_merge_blame_file/debug/processDebugMainManifest/manifest-merger-blame-debug-report.txt
1<?xml version="1.0" encoding="utf-8"?>
2<manifest xmlns:android="http://schemas.android.com/apk/res/android"
3    xmlns:tools="http://schemas.android.com/apk/res-auto"
4    package="com.worksy"
5    android:versionCode="1"
6    android:versionName="1.0" >
7
8    <uses-sdk
9        android:minSdkVersion="24"
10        android:targetSdkVersion="35" />
11
12    <uses-permission android:name="android.permission.INTERNET" />
12-->src/main/AndroidManifest.xml:5:5-67
12-->src/main/AndroidManifest.xml:5:22-64
13    <uses-permission android:name="android.permission.ACCESS_NETWORK_STATE" />
13-->src/main/AndroidManifest.xml:6:5-79
13-->src/main/AndroidManifest.xml:6:22-76
14    <!-- <uses-permission android:name="android.permission.READ_EXTERNAL_STORAGE" /> -->
15    <uses-permission android:name="android.permission.ACCESS_FINE_LOCATION" />
15-->src/main/AndroidManifest.xml:8:5-78
15-->src/main/AndroidManifest.xml:8:22-76
16    <uses-permission android:name="android.permission.ACCESS_COARSE_LOCATION" />
16-->src/main/AndroidManifest.xml:9:5-80
16-->src/main/AndroidManifest.xml:9:22-78
17    <uses-permission android:name="android.permission.ACCESS_BACKGROUND_LOCATION" />
17-->src/main/AndroidManifest.xml:10:5-84
17-->src/main/AndroidManifest.xml:10:22-82
18    <uses-permission android:name="android.permission.USE_BIOMETRIC" /> <!-- suppress DeprecatedClassUsageInspection -->
18-->[androidx.biometric:biometric:1.1.0] AndroidManifest.xml:24:5-72
18-->[androidx.biometric:biometric:1.1.0] AndroidManifest.xml:24:22-69
19    <uses-permission android:name="android.permission.USE_FINGERPRINT" />
19-->[androidx.biometric:biometric:1.1.0] AndroidManifest.xml:27:5-74
19-->[androidx.biometric:biometric:1.1.0] AndroidManifest.xml:27:22-71
20    <uses-permission android:name="com.google.android.providers.gsf.permission.READ_GSERVICES" />
20-->[com.google.android.recaptcha:recaptcha:18.6.1] AndroidManifest.xml:9:5-98
20-->[com.google.android.recaptcha:recaptcha:18.6.1] AndroidManifest.xml:9:22-95
21
22    <permission
22-->[androidx.core:core:1.16.0] AndroidManifest.xml:22:5-24:47
23        android:name="com.worksy.DYNAMIC_RECEIVER_NOT_EXPORTED_PERMISSION"
23-->[androidx.core:core:1.16.0] AndroidManifest.xml:23:9-81
24        android:protectionLevel="signature" />
24-->[androidx.core:core:1.16.0] AndroidManifest.xml:24:9-44
25
26    <uses-permission android:name="com.worksy.DYNAMIC_RECEIVER_NOT_EXPORTED_PERMISSION" />
26-->[androidx.core:core:1.16.0] AndroidManifest.xml:26:5-97
26-->[androidx.core:core:1.16.0] AndroidManifest.xml:26:22-94
27
28    <application
28-->src/main/AndroidManifest.xml:12:5-54:19
29        android:name="com.worksy.WorksyApp"
29-->src/main/AndroidManifest.xml:13:9-34
30        android:allowBackup="true"
30-->src/main/AndroidManifest.xml:14:9-35
31        android:appComponentFactory="androidx.core.app.CoreComponentFactory"
31-->[androidx.core:core:1.16.0] AndroidManifest.xml:28:18-86
32        android:debuggable="true"
33        android:extractNativeLibs="false"
34        android:icon="@drawable/worksy_logo"
34-->src/main/AndroidManifest.xml:15:9-45
35        android:label="@string/app_name"
35-->src/main/AndroidManifest.xml:16:9-41
36        android:roundIcon="@drawable/worksy_logo"
36-->src/main/AndroidManifest.xml:17:9-50
37        android:supportsRtl="true"
37-->src/main/AndroidManifest.xml:18:9-35
38        android:testOnly="true"
39        android:theme="@style/Theme.Worksy" >
39-->src/main/AndroidManifest.xml:19:9-44
40        <activity
40-->src/main/AndroidManifest.xml:21:9-30:20
41            android:name="com.worksy.ui.auth.AuthActivity"
41-->src/main/AndroidManifest.xml:22:13-49
42            android:exported="true"
42-->src/main/AndroidManifest.xml:23:13-36
43            android:launchMode="singleTop"
43-->src/main/AndroidManifest.xml:24:13-43
44            android:windowSoftInputMode="adjustResize" >
44-->src/main/AndroidManifest.xml:25:13-55
45            <intent-filter>
45-->src/main/AndroidManifest.xml:26:13-29:29
46                <action android:name="android.intent.action.MAIN" />
46-->src/main/AndroidManifest.xml:27:17-69
46-->src/main/AndroidManifest.xml:27:25-66
47
48                <category android:name="android.intent.category.LAUNCHER" />
48-->src/main/AndroidManifest.xml:28:17-77
48-->src/main/AndroidManifest.xml:28:27-74
49            </intent-filter>
50        </activity>
51        <activity
51-->src/main/AndroidManifest.xml:32:9-34:40
52            android:name="com.worksy.ui.jobseeker.JobSeekerMainActivity"
52-->src/main/AndroidManifest.xml:33:13-63
53            android:exported="false" />
53-->src/main/AndroidManifest.xml:34:13-37
54        <activity
54-->src/main/AndroidManifest.xml:36:9-38:40
55            android:name="com.worksy.ui.employer.EmployerMainActivity"
55-->src/main/AndroidManifest.xml:37:13-61
56            android:exported="false" />
56-->src/main/AndroidManifest.xml:38:13-37
57        <activity
57-->src/main/AndroidManifest.xml:40:9-41:39
58            android:name="com.worksy.ui.employer.EmployerJobPost"
58-->src/main/AndroidManifest.xml:40:19-62
59            android:exported="false" />
59-->src/main/AndroidManifest.xml:41:13-37
60        <activity
60-->src/main/AndroidManifest.xml:43:9-44:39
61            android:name="com.worksy.ui.employer.EmployerCompanyProfile"
61-->src/main/AndroidManifest.xml:43:19-69
62            android:exported="false" />
62-->src/main/AndroidManifest.xml:44:13-37
63        <activity
63-->src/main/AndroidManifest.xml:46:9-47:39
64            android:name="com.worksy.ui.employer.EmployerViewApplicantActivity"
64-->src/main/AndroidManifest.xml:46:19-76
65            android:exported="false" />
65-->src/main/AndroidManifest.xml:47:13-37
66
67        <meta-data
67-->src/main/AndroidManifest.xml:50:9-52:57
68            android:name="preloaded_fonts"
68-->src/main/AndroidManifest.xml:51:13-43
69            android:resource="@array/preloaded_fonts" />
69-->src/main/AndroidManifest.xml:52:13-54
70
71        <activity
71-->[com.google.firebase:firebase-auth:23.2.0] AndroidManifest.xml:29:9-46:20
72            android:name="com.google.firebase.auth.internal.GenericIdpActivity"
72-->[com.google.firebase:firebase-auth:23.2.0] AndroidManifest.xml:30:13-80
73            android:excludeFromRecents="true"
73-->[com.google.firebase:firebase-auth:23.2.0] AndroidManifest.xml:31:13-46
74            android:exported="true"
74-->[com.google.firebase:firebase-auth:23.2.0] AndroidManifest.xml:32:13-36
75            android:launchMode="singleTask"
75-->[com.google.firebase:firebase-auth:23.2.0] AndroidManifest.xml:33:13-44
76            android:theme="@android:style/Theme.Translucent.NoTitleBar" >
76-->[com.google.firebase:firebase-auth:23.2.0] AndroidManifest.xml:34:13-72
77            <intent-filter>
77-->[com.google.firebase:firebase-auth:23.2.0] AndroidManifest.xml:35:13-45:29
78                <action android:name="android.intent.action.VIEW" />
78-->[com.google.firebase:firebase-auth:23.2.0] AndroidManifest.xml:36:17-69
78-->[com.google.firebase:firebase-auth:23.2.0] AndroidManifest.xml:36:25-66
79
80                <category android:name="android.intent.category.DEFAULT" />
80-->[com.google.firebase:firebase-auth:23.2.0] AndroidManifest.xml:38:17-76
80-->[com.google.firebase:firebase-auth:23.2.0] AndroidManifest.xml:38:27-73
81                <category android:name="android.intent.category.BROWSABLE" />
81-->[com.google.firebase:firebase-auth:23.2.0] AndroidManifest.xml:39:17-78
81-->[com.google.firebase:firebase-auth:23.2.0] AndroidManifest.xml:39:27-75
82
83                <data
83-->[com.google.firebase:firebase-auth:23.2.0] AndroidManifest.xml:41:17-44:51
84                    android:host="firebase.auth"
84-->[com.google.firebase:firebase-auth:23.2.0] AndroidManifest.xml:42:21-49
85                    android:path="/"
85-->[com.google.firebase:firebase-auth:23.2.0] AndroidManifest.xml:43:21-37
86                    android:scheme="genericidp" />
86-->[com.google.firebase:firebase-auth:23.2.0] AndroidManifest.xml:44:21-48
87            </intent-filter>
88        </activity>
89        <activity
89-->[com.google.firebase:firebase-auth:23.2.0] AndroidManifest.xml:47:9-64:20
90            android:name="com.google.firebase.auth.internal.RecaptchaActivity"
90-->[com.google.firebase:firebase-auth:23.2.0] AndroidManifest.xml:48:13-79
91            android:excludeFromRecents="true"
91-->[com.google.firebase:firebase-auth:23.2.0] AndroidManifest.xml:49:13-46
92            android:exported="true"
92-->[com.google.firebase:firebase-auth:23.2.0] AndroidManifest.xml:50:13-36
93            android:launchMode="singleTask"
93-->[com.google.firebase:firebase-auth:23.2.0] AndroidManifest.xml:51:13-44
94            android:theme="@android:style/Theme.Translucent.NoTitleBar" >
94-->[com.google.firebase:firebase-auth:23.2.0] AndroidManifest.xml:52:13-72
95            <intent-filter>
95-->[com.google.firebase:firebase-auth:23.2.0] AndroidManifest.xml:53:13-63:29
96                <action android:name="android.intent.action.VIEW" />
96-->[com.google.firebase:firebase-auth:23.2.0] AndroidManifest.xml:36:17-69
96-->[com.google.firebase:firebase-auth:23.2.0] AndroidManifest.xml:36:25-66
97
98                <category android:name="android.intent.category.DEFAULT" />
98-->[com.google.firebase:firebase-auth:23.2.0] AndroidManifest.xml:38:17-76
98-->[com.google.firebase:firebase-auth:23.2.0] AndroidManifest.xml:38:27-73
99                <category android:name="android.intent.category.BROWSABLE" />
99-->[com.google.firebase:firebase-auth:23.2.0] AndroidManifest.xml:39:17-78
99-->[com.google.firebase:firebase-auth:23.2.0] AndroidManifest.xml:39:27-75
100
101                <data
101-->[com.google.firebase:firebase-auth:23.2.0] AndroidManifest.xml:41:17-44:51
102                    android:host="firebase.auth"
102-->[com.google.firebase:firebase-auth:23.2.0] AndroidManifest.xml:42:21-49
103                    android:path="/"
103-->[com.google.firebase:firebase-auth:23.2.0] AndroidManifest.xml:43:21-37
104                    android:scheme="recaptcha" />
104-->[com.google.firebase:firebase-auth:23.2.0] AndroidManifest.xml:44:21-48
105            </intent-filter>
106        </activity>
107
108        <service
108-->[com.google.firebase:firebase-auth:23.2.0] AndroidManifest.xml:66:9-72:19
109            android:name="com.google.firebase.components.ComponentDiscoveryService"
109-->[com.google.firebase:firebase-auth:23.2.0] AndroidManifest.xml:67:13-84
110            android:directBootAware="true"
110-->[com.google.firebase:firebase-common:21.0.0] AndroidManifest.xml:32:13-43
111            android:exported="false" >
111-->[com.google.firebase:firebase-auth:23.2.0] AndroidManifest.xml:68:13-37
112            <meta-data
112-->[com.google.firebase:firebase-auth:23.2.0] AndroidManifest.xml:69:13-71:85
113                android:name="com.google.firebase.components:com.google.firebase.auth.FirebaseAuthRegistrar"
113-->[com.google.firebase:firebase-auth:23.2.0] AndroidManifest.xml:70:17-109
114                android:value="com.google.firebase.components.ComponentRegistrar" />
114-->[com.google.firebase:firebase-auth:23.2.0] AndroidManifest.xml:71:17-82
115            <meta-data
115-->[com.google.firebase:firebase-database:21.0.0] AndroidManifest.xml:29:13-31:85
116                android:name="com.google.firebase.components:com.google.firebase.database.FirebaseDatabaseKtxRegistrar"
116-->[com.google.firebase:firebase-database:21.0.0] AndroidManifest.xml:30:17-120
117                android:value="com.google.firebase.components.ComponentRegistrar" />
117-->[com.google.firebase:firebase-database:21.0.0] AndroidManifest.xml:31:17-82
118            <meta-data
118-->[com.google.firebase:firebase-database:21.0.0] AndroidManifest.xml:32:13-34:85
119                android:name="com.google.firebase.components:com.google.firebase.database.DatabaseRegistrar"
119-->[com.google.firebase:firebase-database:21.0.0] AndroidManifest.xml:33:17-109
120                android:value="com.google.firebase.components.ComponentRegistrar" />
120-->[com.google.firebase:firebase-database:21.0.0] AndroidManifest.xml:34:17-82
121            <meta-data
121-->[com.google.firebase:firebase-firestore:25.1.4] AndroidManifest.xml:17:13-19:85
122                android:name="com.google.firebase.components:com.google.firebase.firestore.FirebaseFirestoreKtxRegistrar"
122-->[com.google.firebase:firebase-firestore:25.1.4] AndroidManifest.xml:18:17-122
123                android:value="com.google.firebase.components.ComponentRegistrar" />
123-->[com.google.firebase:firebase-firestore:25.1.4] AndroidManifest.xml:19:17-82
124            <meta-data
124-->[com.google.firebase:firebase-firestore:25.1.4] AndroidManifest.xml:20:13-22:85
125                android:name="com.google.firebase.components:com.google.firebase.firestore.FirestoreRegistrar"
125-->[com.google.firebase:firebase-firestore:25.1.4] AndroidManifest.xml:21:17-111
126                android:value="com.google.firebase.components.ComponentRegistrar" />
126-->[com.google.firebase:firebase-firestore:25.1.4] AndroidManifest.xml:22:17-82
127            <meta-data
127-->[com.google.firebase:firebase-storage:21.0.1] AndroidManifest.xml:30:13-32:85
128                android:name="com.google.firebase.components:com.google.firebase.storage.FirebaseStorageKtxRegistrar"
128-->[com.google.firebase:firebase-storage:21.0.1] AndroidManifest.xml:31:17-118
129                android:value="com.google.firebase.components.ComponentRegistrar" />
129-->[com.google.firebase:firebase-storage:21.0.1] AndroidManifest.xml:32:17-82
130            <meta-data
130-->[com.google.firebase:firebase-storage:21.0.1] AndroidManifest.xml:33:13-35:85
131                android:name="com.google.firebase.components:com.google.firebase.storage.StorageRegistrar"
131-->[com.google.firebase:firebase-storage:21.0.1] AndroidManifest.xml:34:17-107
132                android:value="com.google.firebase.components.ComponentRegistrar" />
132-->[com.google.firebase:firebase-storage:21.0.1] AndroidManifest.xml:35:17-82
133            <meta-data
133-->[com.google.firebase:firebase-appcheck:18.0.0] AndroidManifest.xml:25:13-27:85
134                android:name="com.google.firebase.components:com.google.firebase.appcheck.FirebaseAppCheckKtxRegistrar"
134-->[com.google.firebase:firebase-appcheck:18.0.0] AndroidManifest.xml:26:17-120
135                android:value="com.google.firebase.components.ComponentRegistrar" />
135-->[com.google.firebase:firebase-appcheck:18.0.0] AndroidManifest.xml:27:17-82
136            <meta-data
136-->[com.google.firebase:firebase-appcheck:18.0.0] AndroidManifest.xml:28:13-30:85
137                android:name="com.google.firebase.components:com.google.firebase.appcheck.FirebaseAppCheckRegistrar"
137-->[com.google.firebase:firebase-appcheck:18.0.0] AndroidManifest.xml:29:17-117
138                android:value="com.google.firebase.components.ComponentRegistrar" />
138-->[com.google.firebase:firebase-appcheck:18.0.0] AndroidManifest.xml:30:17-82
139            <meta-data
139-->[com.google.firebase:firebase-common-ktx:21.0.0] AndroidManifest.xml:12:13-14:85
140                android:name="com.google.firebase.components:com.google.firebase.ktx.FirebaseCommonLegacyRegistrar"
140-->[com.google.firebase:firebase-common-ktx:21.0.0] AndroidManifest.xml:13:17-116
141                android:value="com.google.firebase.components.ComponentRegistrar" />
141-->[com.google.firebase:firebase-common-ktx:21.0.0] AndroidManifest.xml:14:17-82
142            <meta-data
142-->[com.google.firebase:firebase-common:21.0.0] AndroidManifest.xml:35:13-37:85
143                android:name="com.google.firebase.components:com.google.firebase.FirebaseCommonKtxRegistrar"
143-->[com.google.firebase:firebase-common:21.0.0] AndroidManifest.xml:36:17-109
144                android:value="com.google.firebase.components.ComponentRegistrar" />
144-->[com.google.firebase:firebase-common:21.0.0] AndroidManifest.xml:37:17-82
145        </service>
146        <service
146-->[androidx.credentials:credentials-play-services-auth:1.5.0] AndroidManifest.xml:24:9-32:19
147            android:name="androidx.credentials.playservices.CredentialProviderMetadataHolder"
147-->[androidx.credentials:credentials-play-services-auth:1.5.0] AndroidManifest.xml:25:13-94
148            android:enabled="true"
148-->[androidx.credentials:credentials-play-services-auth:1.5.0] AndroidManifest.xml:26:13-35
149            android:exported="false" >
149-->[androidx.credentials:credentials-play-services-auth:1.5.0] AndroidManifest.xml:27:13-37
150            <meta-data
150-->[androidx.credentials:credentials-play-services-auth:1.5.0] AndroidManifest.xml:29:13-31:104
151                android:name="androidx.credentials.CREDENTIAL_PROVIDER_KEY"
151-->[androidx.credentials:credentials-play-services-auth:1.5.0] AndroidManifest.xml:30:17-76
152                android:value="androidx.credentials.playservices.CredentialProviderPlayServicesImpl" />
152-->[androidx.credentials:credentials-play-services-auth:1.5.0] AndroidManifest.xml:31:17-101
153        </service>
154
155        <activity
155-->[androidx.credentials:credentials-play-services-auth:1.5.0] AndroidManifest.xml:34:9-41:20
156            android:name="androidx.credentials.playservices.HiddenActivity"
156-->[androidx.credentials:credentials-play-services-auth:1.5.0] AndroidManifest.xml:35:13-76
157            android:configChanges="orientation|screenSize|screenLayout|keyboardHidden"
157-->[androidx.credentials:credentials-play-services-auth:1.5.0] AndroidManifest.xml:36:13-87
158            android:enabled="true"
158-->[androidx.credentials:credentials-play-services-auth:1.5.0] AndroidManifest.xml:37:13-35
159            android:exported="false"
159-->[androidx.credentials:credentials-play-services-auth:1.5.0] AndroidManifest.xml:38:13-37
160            android:fitsSystemWindows="true"
160-->[androidx.credentials:credentials-play-services-auth:1.5.0] AndroidManifest.xml:39:13-45
161            android:theme="@style/Theme.Hidden" >
161-->[androidx.credentials:credentials-play-services-auth:1.5.0] AndroidManifest.xml:40:13-48
162        </activity>
163        <activity
163-->[androidx.credentials:credentials-play-services-auth:1.5.0] AndroidManifest.xml:42:9-49:20
164            android:name="androidx.credentials.playservices.IdentityCredentialApiHiddenActivity"
164-->[androidx.credentials:credentials-play-services-auth:1.5.0] AndroidManifest.xml:43:13-97
165            android:configChanges="orientation|screenSize|screenLayout|keyboardHidden"
165-->[androidx.credentials:credentials-play-services-auth:1.5.0] AndroidManifest.xml:44:13-87
166            android:enabled="true"
166-->[androidx.credentials:credentials-play-services-auth:1.5.0] AndroidManifest.xml:45:13-35
167            android:exported="false"
167-->[androidx.credentials:credentials-play-services-auth:1.5.0] AndroidManifest.xml:46:13-37
168            android:fitsSystemWindows="true"
168-->[androidx.credentials:credentials-play-services-auth:1.5.0] AndroidManifest.xml:47:13-45
169            android:theme="@style/Theme.Hidden" >
169-->[androidx.credentials:credentials-play-services-auth:1.5.0] AndroidManifest.xml:48:13-48
170        </activity>
171        <activity
171-->[com.google.android.gms:play-services-auth:21.3.0] AndroidManifest.xml:23:9-27:75
172            android:name="com.google.android.gms.auth.api.signin.internal.SignInHubActivity"
172-->[com.google.android.gms:play-services-auth:21.3.0] AndroidManifest.xml:24:13-93
173            android:excludeFromRecents="true"
173-->[com.google.android.gms:play-services-auth:21.3.0] AndroidManifest.xml:25:13-46
174            android:exported="false"
174-->[com.google.android.gms:play-services-auth:21.3.0] AndroidManifest.xml:26:13-37
175            android:theme="@android:style/Theme.Translucent.NoTitleBar" />
175-->[com.google.android.gms:play-services-auth:21.3.0] AndroidManifest.xml:27:13-72
176        <!--
177            Service handling Google Sign-In user revocation. For apps that do not integrate with
178            Google Sign-In, this service will never be started.
179        -->
180        <service
180-->[com.google.android.gms:play-services-auth:21.3.0] AndroidManifest.xml:33:9-37:51
181            android:name="com.google.android.gms.auth.api.signin.RevocationBoundService"
181-->[com.google.android.gms:play-services-auth:21.3.0] AndroidManifest.xml:34:13-89
182            android:exported="true"
182-->[com.google.android.gms:play-services-auth:21.3.0] AndroidManifest.xml:35:13-36
183            android:permission="com.google.android.gms.auth.api.signin.permission.REVOCATION_NOTIFICATION"
183-->[com.google.android.gms:play-services-auth:21.3.0] AndroidManifest.xml:36:13-107
184            android:visibleToInstantApps="true" />
184-->[com.google.android.gms:play-services-auth:21.3.0] AndroidManifest.xml:37:13-48
185
186        <provider
186-->[com.google.firebase:firebase-common:21.0.0] AndroidManifest.xml:23:9-28:39
187            android:name="com.google.firebase.provider.FirebaseInitProvider"
187-->[com.google.firebase:firebase-common:21.0.0] AndroidManifest.xml:24:13-77
188            android:authorities="com.worksy.firebaseinitprovider"
188-->[com.google.firebase:firebase-common:21.0.0] AndroidManifest.xml:25:13-72
189            android:directBootAware="true"
189-->[com.google.firebase:firebase-common:21.0.0] AndroidManifest.xml:26:13-43
190            android:exported="false"
190-->[com.google.firebase:firebase-common:21.0.0] AndroidManifest.xml:27:13-37
191            android:initOrder="100" />
191-->[com.google.firebase:firebase-common:21.0.0] AndroidManifest.xml:28:13-36
192
193        <activity
193-->[com.google.android.gms:play-services-base:18.5.0] AndroidManifest.xml:5:9-173
194            android:name="com.google.android.gms.common.api.GoogleApiActivity"
194-->[com.google.android.gms:play-services-base:18.5.0] AndroidManifest.xml:5:19-85
195            android:exported="false"
195-->[com.google.android.gms:play-services-base:18.5.0] AndroidManifest.xml:5:146-170
196            android:theme="@android:style/Theme.Translucent.NoTitleBar" />
196-->[com.google.android.gms:play-services-base:18.5.0] AndroidManifest.xml:5:86-145
197
198        <provider
198-->[androidx.emoji2:emoji2:1.3.0] AndroidManifest.xml:24:9-32:20
199            android:name="androidx.startup.InitializationProvider"
199-->[androidx.emoji2:emoji2:1.3.0] AndroidManifest.xml:25:13-67
200            android:authorities="com.worksy.androidx-startup"
200-->[androidx.emoji2:emoji2:1.3.0] AndroidManifest.xml:26:13-68
201            android:exported="false" >
201-->[androidx.emoji2:emoji2:1.3.0] AndroidManifest.xml:27:13-37
202            <meta-data
202-->[androidx.emoji2:emoji2:1.3.0] AndroidManifest.xml:29:13-31:52
203                android:name="androidx.emoji2.text.EmojiCompatInitializer"
203-->[androidx.emoji2:emoji2:1.3.0] AndroidManifest.xml:30:17-75
204                android:value="androidx.startup" />
204-->[androidx.emoji2:emoji2:1.3.0] AndroidManifest.xml:31:17-49
205            <meta-data
205-->[androidx.lifecycle:lifecycle-process:2.6.2] AndroidManifest.xml:29:13-31:52
206                android:name="androidx.lifecycle.ProcessLifecycleInitializer"
206-->[androidx.lifecycle:lifecycle-process:2.6.2] AndroidManifest.xml:30:17-78
207                android:value="androidx.startup" />
207-->[androidx.lifecycle:lifecycle-process:2.6.2] AndroidManifest.xml:31:17-49
208            <meta-data
208-->[androidx.profileinstaller:profileinstaller:1.4.0] AndroidManifest.xml:29:13-31:52
209                android:name="androidx.profileinstaller.ProfileInstallerInitializer"
209-->[androidx.profileinstaller:profileinstaller:1.4.0] AndroidManifest.xml:30:17-85
210                android:value="androidx.startup" />
210-->[androidx.profileinstaller:profileinstaller:1.4.0] AndroidManifest.xml:31:17-49
211        </provider>
212
213        <meta-data
213-->[com.google.android.gms:play-services-basement:18.4.0] AndroidManifest.xml:6:9-122
214            android:name="com.google.android.gms.version"
214-->[com.google.android.gms:play-services-basement:18.4.0] AndroidManifest.xml:6:20-65
215            android:value="@integer/google_play_services_version" />
215-->[com.google.android.gms:play-services-basement:18.4.0] AndroidManifest.xml:6:66-119
216
217        <receiver
217-->[androidx.profileinstaller:profileinstaller:1.4.0] AndroidManifest.xml:34:9-52:20
218            android:name="androidx.profileinstaller.ProfileInstallReceiver"
218-->[androidx.profileinstaller:profileinstaller:1.4.0] AndroidManifest.xml:35:13-76
219            android:directBootAware="false"
219-->[androidx.profileinstaller:profileinstaller:1.4.0] AndroidManifest.xml:36:13-44
220            android:enabled="true"
220-->[androidx.profileinstaller:profileinstaller:1.4.0] AndroidManifest.xml:37:13-35
221            android:exported="true"
221-->[androidx.profileinstaller:profileinstaller:1.4.0] AndroidManifest.xml:38:13-36
222            android:permission="android.permission.DUMP" >
222-->[androidx.profileinstaller:profileinstaller:1.4.0] AndroidManifest.xml:39:13-57
223            <intent-filter>
223-->[androidx.profileinstaller:profileinstaller:1.4.0] AndroidManifest.xml:40:13-42:29
224                <action android:name="androidx.profileinstaller.action.INSTALL_PROFILE" />
224-->[androidx.profileinstaller:profileinstaller:1.4.0] AndroidManifest.xml:41:17-91
224-->[androidx.profileinstaller:profileinstaller:1.4.0] AndroidManifest.xml:41:25-88
225            </intent-filter>
226            <intent-filter>
226-->[androidx.profileinstaller:profileinstaller:1.4.0] AndroidManifest.xml:43:13-45:29
227                <action android:name="androidx.profileinstaller.action.SKIP_FILE" />
227-->[androidx.profileinstaller:profileinstaller:1.4.0] AndroidManifest.xml:44:17-85
227-->[androidx.profileinstaller:profileinstaller:1.4.0] AndroidManifest.xml:44:25-82
228            </intent-filter>
229            <intent-filter>
229-->[androidx.profileinstaller:profileinstaller:1.4.0] AndroidManifest.xml:46:13-48:29
230                <action android:name="androidx.profileinstaller.action.SAVE_PROFILE" />
230-->[androidx.profileinstaller:profileinstaller:1.4.0] AndroidManifest.xml:47:17-88
230-->[androidx.profileinstaller:profileinstaller:1.4.0] AndroidManifest.xml:47:25-85
231            </intent-filter>
232            <intent-filter>
232-->[androidx.profileinstaller:profileinstaller:1.4.0] AndroidManifest.xml:49:13-51:29
233                <action android:name="androidx.profileinstaller.action.BENCHMARK_OPERATION" />
233-->[androidx.profileinstaller:profileinstaller:1.4.0] AndroidManifest.xml:50:17-95
233-->[androidx.profileinstaller:profileinstaller:1.4.0] AndroidManifest.xml:50:25-92
234            </intent-filter>
235        </receiver> <!-- The activities will be merged into the manifest of the hosting app. -->
236        <activity
236-->[com.google.android.play:core-common:2.0.3] AndroidManifest.xml:14:9-18:65
237            android:name="com.google.android.play.core.common.PlayCoreDialogWrapperActivity"
237-->[com.google.android.play:core-common:2.0.3] AndroidManifest.xml:15:13-93
238            android:exported="false"
238-->[com.google.android.play:core-common:2.0.3] AndroidManifest.xml:16:13-37
239            android:stateNotNeeded="true"
239-->[com.google.android.play:core-common:2.0.3] AndroidManifest.xml:17:13-42
240            android:theme="@style/Theme.PlayCore.Transparent" />
240-->[com.google.android.play:core-common:2.0.3] AndroidManifest.xml:18:13-62
241    </application>
242
243</manifest>